Content-Type: text/plain; charset="utf-8"
MIME-Version: 1.0
Content-Transfer-Encoding: 8bit
Subject: Password reset on localhost:8000
From: webmaster@localhost
To: Babakzare2250@gmail.com
Date: Sun, 11 Sep 2022 16:54:04 -0000
Message-ID: <166291524419.18576.14875294148593037923@Babaks-ROG>


You're receiving this email because you requested a password reset for your user account at localhost:8000.

Please go to the following page and choose a new password:

http://localhost:8000/reset/MQ/bblvg4-d8c51e2ddeebbfcc01a4ab22738b6b7a

Your username, in case you’ve forgotten: Bobby

Thanks for using our site!

The localhost:8000 team



-------------------------------------------------------------------------------
Content-Type: text/plain; charset="utf-8"
MIME-Version: 1.0
Content-Transfer-Encoding: 8bit
Subject: Password reset on localhost:8000
From: webmaster@localhost
To: babakzare2250@gmail.com
Date: Sun, 11 Sep 2022 16:54:04 -0000
Message-ID: <166291524419.18576.6024388258011830943@Babaks-ROG>


You're receiving this email because you requested a password reset for your user account at localhost:8000.

Please go to the following page and choose a new password:

http://localhost:8000/reset/OQ/bblvg4-f3ca047a889924048fee65e8525920a2

Your username, in case you’ve forgotten: babakzaree

Thanks for using our site!

The localhost:8000 team



-------------------------------------------------------------------------------
